  main.c
C:\Users\milkh\OneDrive\바탕 화면\Dungeon-Rpg\Dungeon Rpg\main.c(27,2): warning C4113: 'Item (__cdecl *)()'은(는) 'ItemFactory'과(와) 매개 변수 목록이 다릅니다.
C:\Users\milkh\OneDrive\바탕 화면\Dungeon-Rpg\Dungeon Rpg\main.c(28,2): warning C4113: 'Item (__cdecl *)()'은(는) 'ItemFactory'과(와) 매개 변수 목록이 다릅니다.
C:\Users\milkh\OneDrive\바탕 화면\Dungeon-Rpg\Dungeon Rpg\main.c(29,2): warning C4113: 'Item (__cdecl *)()'은(는) 'ItemFactory'과(와) 매개 변수 목록이 다릅니다.
C:\Users\milkh\OneDrive\바탕 화면\Dungeon-Rpg\Dungeon Rpg\main.c(30,2): warning C4113: 'Item (__cdecl *)()'은(는) 'ItemFactory'과(와) 매개 변수 목록이 다릅니다.
C:\Users\milkh\OneDrive\바탕 화면\Dungeon-Rpg\Dungeon Rpg\main.c(31,2): warning C4113: 'Item (__cdecl *)()'은(는) 'ItemFactory'과(와) 매개 변수 목록이 다릅니다.
C:\Users\milkh\OneDrive\바탕 화면\Dungeon-Rpg\Dungeon Rpg\main.c(33,2): warning C4113: 'Item (__cdecl *)()'은(는) 'ItemFactory'과(와) 매개 변수 목록이 다릅니다.
C:\Users\milkh\OneDrive\바탕 화면\Dungeon-Rpg\Dungeon Rpg\main.c(34,2): warning C4113: 'Item (__cdecl *)()'은(는) 'ItemFactory'과(와) 매개 변수 목록이 다릅니다.
C:\Users\milkh\OneDrive\바탕 화면\Dungeon-Rpg\Dungeon Rpg\main.c(35,2): warning C4113: 'Item (__cdecl *)()'은(는) 'ItemFactory'과(와) 매개 변수 목록이 다릅니다.
C:\Users\milkh\OneDrive\바탕 화면\Dungeon-Rpg\Dungeon Rpg\main.c(92,3): warning C4267: '함수': 'size_t'에서 'DWORD'(으)로 변환하면서 데이터가 손실될 수 있습니다.
C:\Users\milkh\OneDrive\바탕 화면\Dungeon-Rpg\Dungeon Rpg\main.c(291,5): warning C4013: 'BattleEncounter'이(가) 정의되지 않았습니다. extern은 int형을 반환하는 것으로 간주합니다.
C:\Users\milkh\OneDrive\바탕 화면\Dungeon-Rpg\Dungeon Rpg\main.c(365,55): warning C4047: '함수': 'wchar_t'의 간접 참조 수준이 'unsigned short [2]'과(와) 다릅니다.
C:\Users\milkh\OneDrive\바탕 화면\Dungeon-Rpg\Dungeon Rpg\main.c(365,55): warning C4024: 'DrawCharToBufferW': 형식 및 실제 매개 변수 4의 형식이 서로 다릅니다.
C:\Users\milkh\OneDrive\바탕 화면\Dungeon-Rpg\Dungeon Rpg\main.c(566,17): warning C4013: 'GetAttckStat'이(가) 정의되지 않았습니다. extern은 int형을 반환하는 것으로 간주합니다.
C:\Users\milkh\OneDrive\바탕 화면\Dungeon-Rpg\Dungeon Rpg\main.c(658,24): warning C4013: 'GetDefense'이(가) 정의되지 않았습니다. extern은 int형을 반환하는 것으로 간주합니다.
C:\Users\milkh\OneDrive\바탕 화면\Dungeon-Rpg\Dungeon Rpg\main.c(679,40): warning C4133: '함수': 'Monster *'과(와) 'Monster *' 사이의 형식이 호환되지 않습니다.
C:\Users\milkh\OneDrive\바탕 화면\Dungeon-Rpg\Dungeon Rpg\main.c(680,19): warning C4133: '함수': 'Monster *'과(와) 'Monster *' 사이의 형식이 호환되지 않습니다.
C:\Users\milkh\OneDrive\바탕 화면\Dungeon-Rpg\Dungeon Rpg\main.c(755,8): warning C4244: '함수': 'time_t'에서 'unsigned int'(으)로 변환하면서 데이터가 손실될 수 있습니다.
C:\Users\milkh\OneDrive\바탕 화면\Dungeon-Rpg\Dungeon Rpg\main.c(353,1): warning C4715: 'UseItemList': 모든 제어 경로에서 값을 반환하지는 않습니다.
  Dungeon Rpg.vcxproj -> C:\Users\milkh\OneDrive\바탕 화면\Dungeon-Rpg\Dungeon Rpg\x64\Debug\Dungeon Rpg.exe
